# JRE version: Java(TM) SE Runtime Environment (22.0.2+9) (build 22.0.2+9-70)
# Java VM: Java HotSpot(TM) 64-Bit Server VM (22.0.2+9-70, mixed mode, sharing, tiered, compressed oops, compressed class ptrs, g1 gc, windows-amd64)
GC Precious Log:
 CardTable entry size: 512
 Card Set container configuration: InlinePtr #cards 5 size 8 Array Of Cards #cards 12 size 40 Howl #buckets 4 coarsen threshold 1843 Howl Bitmap #cards 512 size 80 coarsen threshold 460 Card regions per heap region 1 cards per card region 2048
 CPUs: 20 total, 20 available
 Memory: 16004M
 Large Page Support: Disabled
 NUMA Support: Disabled
 Compressed Oops: Enabled (32-bit)
 Heap Region Size: 1M
 Heap Min Capacity: 8M
 Heap Initial Capacity: 252M
 Heap Max Capacity: 2G
 Pre-touch: Disabled
 Parallel Workers: 15
 Concurrent Workers: 4
 Concurrent Refinement Workers: 15
 Periodic GC: Disabled
Heap:
 garbage-first heap   total reserved 2097152K, committed 293888K, used 255890K [0x0000000080000000, 0x0000000100000000)
  region size 1024K, 80 young (81920K), 7 survivors (7168K)
 Metaspace       used 122579K, committed 124928K, reserved 1179648K
  class space    used 16591K, committed 17728K, reserved 1048576K
GC Heap History (20 events):
Event: 8.254 GC heap before
{Heap before GC invocations=29 (full 0):
 garbage-first heap   total reserved 2097152K, committed 198656K, used 158990K [0x0000000080000000, 0x0000000100000000)
  region size 1024K, 47 young (48128K), 7 survivors (7168K)
 Metaspace       used 79486K, committed 81600K, reserved 1179648K
  class space    used 11224K, committed 12224K, reserved 1048576K
}
Event: 8.257 GC heap after
{Heap after GC invocations=30 (full 0):
 garbage-first heap   total reserved 2097152K, committed 198656K, used 119989K [0x0000000080000000, 0x0000000100000000)
  region size 1024K, 4 young (4096K), 4 survivors (4096K)
 Metaspace       used 79486K, committed 81600K, reserved 1179648K
  class space    used 11224K, committed 12224K, reserved 1048576K
}
Event: 8.729 GC heap before
{Heap before GC invocations=30 (full 0):
 garbage-first heap   total reserved 2097152K, committed 198656K, used 181429K [0x0000000080000000, 0x0000000100000000)
  region size 1024K, 64 young (65536K), 4 survivors (4096K)
 Metaspace       used 84208K, committed 86400K, reserved 1179648K
  class space    used 12031K, committed 13056K, reserved 1048576K
}
Event: 8.732 GC heap after
{Heap after GC invocations=31 (full 0):
 garbage-first heap   total reserved 2097152K, committed 198656K, used 120223K [0x0000000080000000, 0x0000000100000000)
  region size 1024K, 4 young (4096K), 4 survivors (4096K)
 Metaspace       used 84208K, committed 86400K, reserved 1179648K
  class space    used 12031K, committed 13056K, reserved 1048576K
}
Event: 8.946 GC heap before
{Heap before GC invocations=31 (full 0):
 garbage-first heap   total reserved 2097152K, committed 198656K, used 148895K [0x0000000080000000, 0x0000000100000000)
  region size 1024K, 34 young (34816K), 4 survivors (4096K)
 Metaspace       used 86035K, committed 88192K, reserved 1179648K
  class space    used 12239K, committed 13248K, reserved 1048576K
}
Event: 8.949 GC heap after
{Heap after GC invocations=32 (full 0):
 garbage-first heap   total reserved 2097152K, committed 198656K, used 124817K [0x0000000080000000, 0x0000000100000000)
  region size 1024K, 9 young (9216K), 9 survivors (9216K)
 Metaspace       used 86035K, committed 88192K, reserved 1179648K
  class space    used 12239K, committed 13248K, reserved 1048576K
}
Event: 9.434 GC heap before
{Heap before GC invocations=33 (full 0):
 garbage-first heap   total reserved 2097152K, committed 219136K, used 194449K [0x0000000080000000, 0x0000000100000000)
  region size 1024K, 59 young (60416K), 9 survivors (9216K)
 Metaspace       used 91447K, committed 93632K, reserved 1179648K
  class space    used 12928K, committed 13952K, reserved 1048576K
}
Event: 9.438 GC heap after
{Heap after GC invocations=34 (full 0):
 garbage-first heap   total reserved 2097152K, committed 263168K, used 146411K [0x0000000080000000, 0x0000000100000000)
  region size 1024K, 8 young (8192K), 8 survivors (8192K)
 Metaspace       used 91447K, committed 93632K, reserved 1179648K
  class space    used 12928K, committed 13952K, reserved 1048576K
}
Event: 10.145 GC heap before
{Heap before GC invocations=34 (full 0):
 garbage-first heap   total reserved 2097152K, committed 263168K, used 239595K [0x0000000080000000, 0x0000000100000000)
  region size 1024K, 98 young (100352K), 8 survivors (8192K)
 Metaspace       used 100786K, committed 103104K, reserved 1179648K
  class space    used 14136K, committed 15232K, reserved 1048576K
}
Event: 10.150 GC heap after
{Heap after GC invocations=35 (full 0):
 garbage-first heap   total reserved 2097152K, committed 263168K, used 149143K [0x0000000080000000, 0x0000000100000000)
  region size 1024K, 11 young (11264K), 11 survivors (11264K)
 Metaspace       used 100786K, committed 103104K, reserved 1179648K
  class space    used 14136K, committed 15232K, reserved 1048576K
}
Event: 12.605 GC heap before
{Heap before GC invocations=35 (full 0):
 garbage-first heap   total reserved 2097152K, committed 263168K, used 236183K [0x0000000080000000, 0x0000000100000000)
  region size 1024K, 97 young (99328K), 11 survivors (11264K)
 Metaspace       used 109283K, committed 111552K, reserved 1179648K
  class space    used 15129K, committed 16192K, reserved 1048576K
}
Event: 12.611 GC heap after
{Heap after GC invocations=36 (full 0):
 garbage-first heap   total reserved 2097152K, committed 263168K, used 158123K [0x0000000080000000, 0x0000000100000000)
  region size 1024K, 13 young (13312K), 13 survivors (13312K)
 Metaspace       used 109283K, committed 111552K, reserved 1179648K
  class space    used 15129K, committed 16192K, reserved 1048576K
}
Event: 22.033 GC heap before
{Heap before GC invocations=37 (full 0):
 garbage-first heap   total reserved 2097152K, committed 265216K, used 233899K [0x0000000080000000, 0x0000000100000000)
  region size 1024K, 88 young (90112K), 13 survivors (13312K)
 Metaspace       used 112763K, committed 115008K, reserved 1179648K
  class space    used 15513K, committed 16576K, reserved 1048576K
}
Event: 22.039 GC heap after
{Heap after GC invocations=38 (full 0):
 garbage-first heap   total reserved 2097152K, committed 265216K, used 163695K [0x0000000080000000, 0x0000000100000000)
  region size 1024K, 8 young (8192K), 8 survivors (8192K)
 Metaspace       used 112763K, committed 115008K, reserved 1179648K
  class space    used 15513K, committed 16576K, reserved 1048576K
}
Event: 121.144 GC heap before
{Heap before GC invocations=38 (full 0):
 garbage-first heap   total reserved 2097152K, committed 265216K, used 240495K [0x0000000080000000, 0x0000000100000000)
  region size 1024K, 84 young (86016K), 8 survivors (8192K)
 Metaspace       used 118382K, committed 120640K, reserved 1179648K
  class space    used 16054K, committed 17152K, reserved 1048576K
}
Event: 121.149 GC heap after
{Heap after GC invocations=39 (full 0):
 garbage-first heap   total reserved 2097152K, committed 265216K, used 167053K [0x0000000080000000, 0x0000000100000000)
  region size 1024K, 6 young (6144K), 6 survivors (6144K)
 Metaspace       used 118382K, committed 120640K, reserved 1179648K
  class space    used 16054K, committed 17152K, reserved 1048576K
}
Event: 123.412 GC heap before
{Heap before GC invocations=39 (full 0):
 garbage-first heap   total reserved 2097152K, committed 265216K, used 242829K [0x0000000080000000, 0x0000000100000000)
  region size 1024K, 81 young (82944K), 6 survivors (6144K)
 Metaspace       used 119178K, committed 121536K, reserved 1179648K
  class space    used 16082K, committed 17216K, reserved 1048576K
}
Event: 123.417 GC heap after
{Heap after GC invocations=40 (full 0):
 garbage-first heap   total reserved 2097152K, committed 265216K, used 175879K [0x0000000080000000, 0x0000000100000000)
  region size 1024K, 11 young (11264K), 11 survivors (11264K)
 Metaspace       used 119178K, committed 121536K, reserved 1179648K
  class space    used 16082K, committed 17216K, reserved 1048576K
}
Event: 355.005 GC heap before
{Heap before GC invocations=41 (full 0):
 garbage-first heap   total reserved 2097152K, committed 293888K, used 237319K [0x0000000080000000, 0x0000000100000000)
  region size 1024K, 72 young (73728K), 11 survivors (11264K)
 Metaspace       used 120246K, committed 122624K, reserved 1179648K
  class space    used 16215K, committed 17344K, reserved 1048576K
}
Event: 355.010 GC heap after
{Heap after GC invocations=42 (full 0):
 garbage-first heap   total reserved 2097152K, committed 293888K, used 183186K [0x0000000080000000, 0x0000000100000000)
  region size 1024K, 7 young (7168K), 7 survivors (7168K)
 Metaspace       used 120246K, committed 122624K, reserved 1179648K
  class space    used 16215K, committed 17344K, reserved 1048576K
}

